2024-08-07 18:58:43 - Starting ClientManagementServiceApplication using Java 22.0.2 with PID 5568 (C:\Users\Amit Pndey\eclipse-workspace\Medicodio2.0\client-management-service\target\classes started by Amit Pndey in C:\Users\Amit Pndey\eclipse-workspace\Medicodio2.0\client-management-service)
2024-08-07 18:58:43 - Running with Spring Boot v3.3.2, Spring v6.1.11
2024-08-07 18:58:43 - No active profile set, falling back to 1 default profile: "default"
2024-08-07 18:58:43 - Devtools property defaults active! Set 'spring.devtools.add-properties' to 'false' to disable
2024-08-07 18:58:43 - For additional web related logging consider setting the 'logging.level.web' property to 'DEBUG'
2024-08-07 18:58:44 - Bootstrapping Spring Data JPA repositories in DEFAULT mode.
2024-08-07 18:58:44 - Finished Spring Data repository scanning in 56 ms. Found 1 JPA repository interface.
2024-08-07 18:58:45 - Tomcat initialized with port 8080 (http)
2024-08-07 18:58:45 - Initializing ProtocolHandler ["http-nio-8080"]
2024-08-07 18:58:45 - Starting service [Tomcat]
2024-08-07 18:58:45 - Starting Servlet engine: [Apache Tomcat/10.1.26]
2024-08-07 18:58:45 - Initializing Spring embedded WebApplicationContext
2024-08-07 18:58:45 - Root WebApplicationContext: initialization completed in 2204 ms
2024-08-07 18:58:45 - HikariPool-1 - Starting...
2024-08-07 18:58:49 - HikariPool-1 - Added connection org.postgresql.jdbc.PgConnection@7641fe26
2024-08-07 18:58:49 - HikariPool-1 - Start completed.
2024-08-07 18:58:49 - H2 console available at '/h2-console'. Database available at 'jdbc:postgresql://medicodio-api-db.postgres.database.azure.com:5432/api-integration'
2024-08-07 18:58:49 - HHH000204: Processing PersistenceUnitInfo [name: default]
2024-08-07 18:58:49 - HHH000412: Hibernate ORM core version 6.5.2.Final
2024-08-07 18:58:49 - HHH000026: Second-level cache disabled
2024-08-07 18:58:49 - No LoadTimeWeaver setup: ignoring JPA class transformer
2024-08-07 18:58:50 - HHH90000025: PostgreSQLDialect does not need to be specified explicitly using 'hibernate.dialect' (remove the property setting and it will be selected by default)
2024-08-07 18:58:52 - HHH000489: No JTA platform available (set 'hibernate.transaction.jta.platform' to enable JTA platform integration)
2024-08-07 18:58:53 - Initialized JPA EntityManagerFactory for persistence unit 'default'
2024-08-07 18:58:53 - spring.jpa.open-in-view is enabled by default. Therefore, database queries may be performed during view rendering. Explicitly configure spring.jpa.open-in-view to disable this warning
2024-08-07 18:58:54 - LiveReload server is running on port 35729
2024-08-07 18:58:54 - Exposing 1 endpoint beneath base path '/actuator'
2024-08-07 18:58:54 - Starting ProtocolHandler ["http-nio-8080"]
2024-08-07 18:58:54 - Tomcat started on port 8080 (http) with context path '/'
2024-08-07 18:58:54 - Started ClientManagementServiceApplication in 11.949 seconds (process running for 12.772)
2024-08-07 18:58:55 - Initializing Spring DispatcherServlet 'dispatcherServlet'
2024-08-07 18:58:55 - Initializing Servlet 'dispatcherServlet'
2024-08-07 18:58:55 - Completed initialization in 2 ms
2024-08-07 19:01:16 - Application shutdown requested.
2024-08-07 19:01:16 - Stopping ProtocolHandler ["http-nio-8080"]
2024-08-07 19:01:16 - Closing JPA EntityManagerFactory for persistence unit 'default'
2024-08-07 19:01:16 - HikariPool-1 - Shutdown initiated...
2024-08-07 19:03:16 - Starting ClientManagementServiceApplication using Java 22.0.2 with PID 18652 (C:\Users\Amit Pndey\eclipse-workspace\Medicodio2.0\client-management-service\target\classes started by Amit Pndey in C:\Users\Amit Pndey\eclipse-workspace\Medicodio2.0\client-management-service)
2024-08-07 19:03:16 - Running with Spring Boot v3.3.2, Spring v6.1.11
2024-08-07 19:03:16 - No active profile set, falling back to 1 default profile: "default"
2024-08-07 19:03:16 - Devtools property defaults active! Set 'spring.devtools.add-properties' to 'false' to disable
2024-08-07 19:03:16 - For additional web related logging consider setting the 'logging.level.web' property to 'DEBUG'
2024-08-07 19:03:17 - Bootstrapping Spring Data JPA repositories in DEFAULT mode.
2024-08-07 19:03:17 - Finished Spring Data repository scanning in 46 ms. Found 1 JPA repository interface.
2024-08-07 19:03:18 - Tomcat initialized with port 8080 (http)
2024-08-07 19:03:18 - Initializing ProtocolHandler ["http-nio-8080"]
2024-08-07 19:03:18 - Starting service [Tomcat]
2024-08-07 19:03:18 - Starting Servlet engine: [Apache Tomcat/10.1.26]
2024-08-07 19:03:18 - Initializing Spring embedded WebApplicationContext
2024-08-07 19:03:18 - Root WebApplicationContext: initialization completed in 2030 ms
2024-08-07 19:03:18 - HikariPool-1 - Starting...
2024-08-07 19:03:21 - HikariPool-1 - Added connection org.postgresql.jdbc.PgConnection@5a28fe2b
2024-08-07 19:03:21 - HikariPool-1 - Start completed.
2024-08-07 19:03:21 - H2 console available at '/h2-console'. Database available at 'jdbc:postgresql://medicodio-api-db.postgres.database.azure.com:5432/api-integration'
2024-08-07 19:03:21 - HHH000204: Processing PersistenceUnitInfo [name: default]
2024-08-07 19:03:21 - HHH000412: Hibernate ORM core version 6.5.2.Final
2024-08-07 19:03:21 - HHH000026: Second-level cache disabled
2024-08-07 19:03:21 - No LoadTimeWeaver setup: ignoring JPA class transformer
2024-08-07 19:03:22 - HHH90000025: PostgreSQLDialect does not need to be specified explicitly using 'hibernate.dialect' (remove the property setting and it will be selected by default)
2024-08-07 19:03:23 - HHH000489: No JTA platform available (set 'hibernate.transaction.jta.platform' to enable JTA platform integration)
2024-08-07 19:03:24 - Initialized JPA EntityManagerFactory for persistence unit 'default'
2024-08-07 19:03:25 - spring.jpa.open-in-view is enabled by default. Therefore, database queries may be performed during view rendering. Explicitly configure spring.jpa.open-in-view to disable this warning
2024-08-07 19:03:25 - LiveReload server is running on port 35729
2024-08-07 19:03:25 - Exposing 1 endpoint beneath base path '/actuator'
2024-08-07 19:03:26 - Starting ProtocolHandler ["http-nio-8080"]
2024-08-07 19:03:26 - Tomcat started on port 8080 (http) with context path '/'
2024-08-07 19:03:26 - Started ClientManagementServiceApplication in 10.707 seconds (process running for 11.674)
2024-08-07 19:03:26 - Initializing Spring DispatcherServlet 'dispatcherServlet'
2024-08-07 19:03:26 - Initializing Servlet 'dispatcherServlet'
2024-08-07 19:03:26 - Completed initialization in 2 ms
2024-08-07 19:03:37 - Received request to get all clients
2024-08-07 19:03:37 - Retrieving all clients
2024-08-07 19:03:38 - Clients retrieved: [ClientResponseDTO(clientName=EClient0211, contactPerson=John Doe011, contactInfo=john.doe@example011.com, status=Active, apiAccess=false), ClientResponseDTO(clientName=AMitEClient0211, contactPerson=John Doe011, contactInfo=john.doe@example011.com, status=Active, apiAccess=false), ClientResponseDTO(clientName=KartikEClient0211, contactPerson=John Doe011, contactInfo=john.doe@example011.com, status=Active, apiAccess=false), ClientResponseDTO(clientName=sindhuEClient0211, contactPerson=John Doe011, contactInfo=john.doe@example011.com, status=Active, apiAccess=true), ClientResponseDTO(clientName=shaheenEClient0211, contactPerson=John Doe011, contactInfo=john.doe@example011.com, status=Active, apiAccess=true), ClientResponseDTO(clientName=shaheenEClient02121, contactPerson=John Doe011, contactInfo=john.doe@example011.com, status=Active, apiAccess=true), ClientResponseDTO(clientName=testEClient02121, contactPerson=John Doe011, contactInfo=john.doe@example011.com, status=Active, apiAccess=true), ClientResponseDTO(clientName=test12EClient02121, contactPerson=John Doe011, contactInfo=john.doe@example011.com, status=Active, apiAccess=true), ClientResponseDTO(clientName=test124putEClient02121, contactPerson=John Doe011, contactInfo=john.doe@example011.com, status=Active, apiAccess=true)]
2024-08-07 19:03:38 - Response for get all clients: [ClientResponseDTO(clientName=EClient0211, contactPerson=John Doe011, contactInfo=john.doe@example011.com, status=Active, apiAccess=false), ClientResponseDTO(clientName=AMitEClient0211, contactPerson=John Doe011, contactInfo=john.doe@example011.com, status=Active, apiAccess=false), ClientResponseDTO(clientName=KartikEClient0211, contactPerson=John Doe011, contactInfo=john.doe@example011.com, status=Active, apiAccess=false), ClientResponseDTO(clientName=sindhuEClient0211, contactPerson=John Doe011, contactInfo=john.doe@example011.com, status=Active, apiAccess=true), ClientResponseDTO(clientName=shaheenEClient0211, contactPerson=John Doe011, contactInfo=john.doe@example011.com, status=Active, apiAccess=true), ClientResponseDTO(clientName=shaheenEClient02121, contactPerson=John Doe011, contactInfo=john.doe@example011.com, status=Active, apiAccess=true), ClientResponseDTO(clientName=testEClient02121, contactPerson=John Doe011, contactInfo=john.doe@example011.com, status=Active, apiAccess=true), ClientResponseDTO(clientName=test12EClient02121, contactPerson=John Doe011, contactInfo=john.doe@example011.com, status=Active, apiAccess=true), ClientResponseDTO(clientName=test124putEClient02121, contactPerson=John Doe011, contactInfo=john.doe@example011.com, status=Active, apiAccess=true)]
2024-08-07 19:19:20 - Application shutdown requested.
2024-08-07 19:19:20 - Stopping ProtocolHandler ["http-nio-8080"]
2024-08-07 19:19:20 - Closing JPA EntityManagerFactory for persistence unit 'default'
2024-08-07 19:19:20 - HikariPool-1 - Shutdown initiated...
